[2019-01-13 19:42:37,247][Thread-1:11624][task_id:market_ctrl.views][views.py:89][INFO][errors: ]
[2019-01-13 19:42:53,110][Thread-10:7244][task_id:home.home][home.py:168][INFO][errors: ]
[2019-01-13 19:43:09,017][Thread-11:3172][task_id:home.home][home.py:168][INFO][errors: ]
[2019-01-14 11:42:18,138][Thread-1:9352][task_id:home.home][home.py:168][INFO][errors: ]
[2019-01-14 11:42:31,037][Thread-10:6108][task_id:home.home][home.py:168][INFO][errors: ]
[2019-01-14 11:43:08,432][Thread-11:10128][task_id:home.home][home.py:168][INFO][errors: ]
[2019-01-14 11:44:11,252][Thread-12:5856][task_id:home.home][home.py:168][INFO][errors: ]
[2019-01-14 11:44:12,894][Thread-13:2172][task_id:home.home][home.py:168][INFO][errors: ]
[2019-01-14 11:44:13,712][Thread-14:7084][task_id:home.home][home.py:168][INFO][errors: ]
[2019-01-14 11:44:13,904][Thread-15:1232][task_id:home.home][home.py:168][INFO][errors: ]
[2019-01-14 11:44:14,103][Thread-16:5320][task_id:home.home][home.py:168][INFO][errors: ]
[2019-01-14 11:44:14,279][Thread-17:1212][task_id:home.home][home.py:168][INFO][errors: ]
[2019-01-14 11:45:34,188][Thread-18:8228][task_id:home.home][home.py:168][INFO][errors: ]
[2019-01-14 11:45:36,346][Thread-19:8864][task_id:market_ctrl.views][views.py:89][INFO][errors: ]
[2019-01-14 11:45:38,111][Thread-20:11064][task_id:home.home][home.py:168][INFO][errors: ]
[2019-01-14 11:45:39,176][Thread-21:10184][task_id:home.home][home.py:168][INFO][errors: ]
[2019-01-14 11:45:40,084][Thread-22:8732][task_id:bingo.bingo][bingo.py:87][INFO][errors: ]
[2019-01-14 11:45:48,575][Thread-23:10336][task_id:market_ctrl.views][views.py:89][INFO][errors: ]
[2019-01-14 11:45:49,476][Thread-24:10976][task_id:home.home][home.py:168][INFO][errors: ]
[2019-01-14 15:09:52,132][Thread-25:3300][task_id:bingo.bingo][bingo.py:87][INFO][errors: ]
[2019-01-15 11:06:39,585][Thread-26:12760][task_id:django.request][log.py:228][WARNING][Not Found: /favicon.ico]
[2019-01-16 15:18:51,591][Thread-27:13924][task_id:home.home][home.py:168][INFO][errors: ]
[2019-01-16 15:19:36,922][Thread-35:6128][task_id:home.home][home.py:115][INFO][----------Home settlement----------]
[2019-01-16 15:19:36,924][Thread-35:6128][task_id:home.home][home.py:130][INFO][country: ke]
[2019-01-16 15:19:36,926][Thread-35:6128][task_id:home.home][home.py:132][INFO][eventid: sr:match:14701053]
[2019-01-16 15:19:36,927][Thread-35:6128][task_id:home.home][home.py:134][INFO][sportid: sr:sport:1]
[2019-01-16 15:19:36,928][Thread-35:6128][task_id:home.home][home.py:136][INFO][marketid: 1]
[2019-01-16 15:19:36,929][Thread-35:6128][task_id:home.home][home.py:138][INFO][outcomeid: 1]
[2019-01-16 15:19:36,929][Thread-35:6128][task_id:home.home][home.py:140][INFO][productid: 3]
[2019-01-16 15:19:36,929][Thread-35:6128][task_id:home.home][home.py:144][INFO][coun_ip: 172.31.64.109]
[2019-01-16 15:19:36,930][Thread-35:6128][task_id:home.home][home.py:160][INFO][body: {'action': 'bet_settlement', 'sendTime': 1547623176930, 'traceId': '2017023219203321234561', 'source': 'FACTS', 'data': [{'id': 'sr:match:14701053/uof:3/sr:sport:1/1', 'outcomes': [{'id': 1, 'desc': 'oucomeDesc1', 'result': 1}]}]}]
[2019-01-16 15:19:36,930][Thread-35:6128][task_id:home.home][home.py:162][INFO][url: http://172.31.64.109:8131/realSportsGame/settle]
[2019-01-16 15:19:38,764][Thread-35:6128][task_id:home.home][home.py:165][INFO][response: [Fiddler] The connection to '172.31.64.109' failed. <br />Error: ConnectionRefused (0x274d). <br />System.Net.Sockets.SocketException 由于目标计算机积极拒绝，无法连接。 172.31.64.109:8131                                                                                                                                                                                                                                                                                                                                                      ]
[2019-01-16 15:19:38,765][Thread-35:6128][task_id:home.home][home.py:168][INFO][errors: ]
[2019-01-16 15:19:49,394][Thread-36:16144][task_id:home.home][home.py:115][INFO][----------Home settlement----------]
[2019-01-16 15:19:49,395][Thread-36:16144][task_id:home.home][home.py:130][INFO][country: ng]
[2019-01-16 15:19:49,397][Thread-36:16144][task_id:home.home][home.py:132][INFO][eventid: sr:match:14701053]
[2019-01-16 15:19:49,399][Thread-36:16144][task_id:home.home][home.py:134][INFO][sportid: sr:sport:1]
[2019-01-16 15:19:49,400][Thread-36:16144][task_id:home.home][home.py:136][INFO][marketid: 1]
[2019-01-16 15:19:49,406][Thread-36:16144][task_id:home.home][home.py:138][INFO][outcomeid: 1]
[2019-01-16 15:19:49,410][Thread-36:16144][task_id:home.home][home.py:140][INFO][productid: 3]
[2019-01-16 15:19:49,411][Thread-36:16144][task_id:home.home][home.py:144][INFO][coun_ip: 172.31.64.155]
[2019-01-16 15:19:49,412][Thread-36:16144][task_id:home.home][home.py:160][INFO][body: {'action': 'bet_settlement', 'sendTime': 1547623189412, 'traceId': '2017023219203321234561', 'source': 'FACTS', 'data': [{'id': 'sr:match:14701053/uof:3/sr:sport:1/1', 'outcomes': [{'id': 1, 'desc': 'oucomeDesc1', 'result': 1}]}]}]
[2019-01-16 15:19:49,412][Thread-36:16144][task_id:home.home][home.py:162][INFO][url: http://172.31.64.155:8131/realSportsGame/settle]
[2019-01-16 15:19:50,015][Thread-36:16144][task_id:home.home][home.py:165][INFO][response: {"bizCode":10000,"message":"success","data":{}}]
[2019-01-16 15:19:50,015][Thread-36:16144][task_id:home.home][home.py:168][INFO][errors: ]
[2019-01-16 18:15:51,273][Thread-37:15988][task_id:home.home][home.py:168][INFO][errors: ]
[2019-01-16 18:16:05,200][Thread-45:16120][task_id:market_ctrl.views][views.py:89][INFO][errors: ]
[2019-01-16 19:46:29,120][Thread-46:12356][task_id:market_ctrl.views][views.py:89][INFO][errors: ]
[2019-01-16 19:46:31,863][Thread-47:17208][task_id:home.home][home.py:168][INFO][errors: ]
[2019-01-16 19:52:38,272][Thread-1:14712][task_id:home.home][home.py:168][INFO][errors: ]
[2019-01-16 19:52:38,540][Thread-3:17064][task_id:home.home][home.py:168][INFO][errors: ]
[2019-01-16 19:52:48,560][Thread-4:8024][task_id:home.home][home.py:115][INFO][----------Home settlement----------]
[2019-01-16 19:52:48,560][Thread-4:8024][task_id:home.home][home.py:130][INFO][country: ke]
[2019-01-16 19:52:48,565][Thread-4:8024][task_id:home.home][home.py:132][INFO][eventid: sr:match:14513796]
[2019-01-16 19:52:48,565][Thread-4:8024][task_id:home.home][home.py:134][INFO][sportid: sr:sport:1]
[2019-01-16 19:52:48,566][Thread-4:8024][task_id:home.home][home.py:136][INFO][marketid: 1]
[2019-01-16 19:52:48,566][Thread-4:8024][task_id:home.home][home.py:138][INFO][outcomeid: 1]
[2019-01-16 19:52:48,567][Thread-4:8024][task_id:home.home][home.py:140][INFO][productid: 3]
[2019-01-16 19:52:48,567][Thread-4:8024][task_id:home.home][home.py:144][INFO][coun_ip: 172.31.64.109]
[2019-01-16 19:52:48,568][Thread-4:8024][task_id:home.home][home.py:160][INFO][body: {'action': 'bet_settlement', 'sendTime': 1547639568568, 'traceId': '2017023219203321234561', 'source': 'FACTS', 'data': [{'id': 'sr:match:14513796/uof:3/sr:sport:1/1', 'outcomes': [{'id': 1, 'desc': 'oucomeDesc1', 'result': 1}]}]}]
[2019-01-16 19:52:48,568][Thread-4:8024][task_id:home.home][home.py:162][INFO][url: http://172.31.64.109:8131/realSportsGame/settle]
[2019-01-16 19:52:50,396][Thread-4:8024][task_id:home.home][home.py:165][INFO][response: [Fiddler] The connection to '172.31.64.109' failed. <br />Error: ConnectionRefused (0x274d). <br />System.Net.Sockets.SocketException 由于目标计算机积极拒绝，无法连接。 172.31.64.109:8131                                                                                                                                                                                                                                                                                                                                                      ]
[2019-01-16 19:52:50,397][Thread-4:8024][task_id:home.home][home.py:168][INFO][errors: ]
[2019-01-16 19:52:58,391][Thread-5:17012][task_id:home.home][home.py:115][INFO][----------Home settlement----------]
[2019-01-16 19:52:58,396][Thread-5:17012][task_id:home.home][home.py:130][INFO][country: ng]
[2019-01-16 19:52:58,397][Thread-5:17012][task_id:home.home][home.py:132][INFO][eventid: sr:match:14513796]
[2019-01-16 19:52:58,398][Thread-5:17012][task_id:home.home][home.py:134][INFO][sportid: sr:sport:1]
[2019-01-16 19:52:58,407][Thread-5:17012][task_id:home.home][home.py:136][INFO][marketid: 1]
[2019-01-16 19:52:58,409][Thread-5:17012][task_id:home.home][home.py:138][INFO][outcomeid: 1]
[2019-01-16 19:52:58,410][Thread-5:17012][task_id:home.home][home.py:140][INFO][productid: 3]
[2019-01-16 19:52:58,411][Thread-5:17012][task_id:home.home][home.py:144][INFO][coun_ip: 172.31.64.155]
[2019-01-16 19:52:58,412][Thread-5:17012][task_id:home.home][home.py:160][INFO][body: {'action': 'bet_settlement', 'sendTime': 1547639578412, 'traceId': '2017023219203321234561', 'source': 'FACTS', 'data': [{'id': 'sr:match:14513796/uof:3/sr:sport:1/1', 'outcomes': [{'id': 1, 'desc': 'oucomeDesc1', 'result': 1}]}]}]
[2019-01-16 19:52:58,413][Thread-5:17012][task_id:home.home][home.py:162][INFO][url: http://172.31.64.155:8131/realSportsGame/settle]
[2019-01-16 19:52:58,993][Thread-5:17012][task_id:home.home][home.py:165][INFO][response: {"bizCode":10000,"message":"success","data":{}}]
[2019-01-16 19:52:58,997][Thread-5:17012][task_id:home.home][home.py:168][INFO][errors: ]
[2019-01-16 19:53:06,256][Thread-6:12628][task_id:home.home][home.py:115][INFO][----------Home settlement----------]
[2019-01-16 19:53:06,256][Thread-6:12628][task_id:home.home][home.py:130][INFO][country: ke]
[2019-01-16 19:53:06,258][Thread-6:12628][task_id:home.home][home.py:132][INFO][eventid: sr:match:14513796]
[2019-01-16 19:53:06,258][Thread-6:12628][task_id:home.home][home.py:134][INFO][sportid: sr:sport:1]
[2019-01-16 19:53:06,259][Thread-6:12628][task_id:home.home][home.py:136][INFO][marketid: 1]
[2019-01-16 19:53:06,259][Thread-6:12628][task_id:home.home][home.py:138][INFO][outcomeid: 0]
[2019-01-16 19:53:06,260][Thread-6:12628][task_id:home.home][home.py:140][INFO][productid: 3]
[2019-01-16 19:53:06,260][Thread-6:12628][task_id:home.home][home.py:144][INFO][coun_ip: 172.31.64.109]
[2019-01-16 19:53:06,261][Thread-6:12628][task_id:home.home][home.py:160][INFO][body: {'action': 'bet_settlement', 'sendTime': 1547639586261, 'traceId': '2017023219203321234561', 'source': 'FACTS', 'data': [{'id': 'sr:match:14513796/uof:3/sr:sport:1/1', 'outcomes': [{'id': 1, 'desc': 'oucomeDesc1', 'result': 0}]}]}]
[2019-01-16 19:53:06,268][Thread-6:12628][task_id:home.home][home.py:162][INFO][url: http://172.31.64.109:8131/realSportsGame/settle]
[2019-01-16 19:53:08,089][Thread-6:12628][task_id:home.home][home.py:165][INFO][response: [Fiddler] The connection to '172.31.64.109' failed. <br />Error: ConnectionRefused (0x274d). <br />System.Net.Sockets.SocketException 由于目标计算机积极拒绝，无法连接。 172.31.64.109:8131                                                                                                                                                                                                                                                                                                                                                      ]
[2019-01-16 19:53:08,091][Thread-6:12628][task_id:home.home][home.py:168][INFO][errors: ]
[2019-01-16 19:53:14,435][Thread-7:17020][task_id:home.home][home.py:115][INFO][----------Home settlement----------]
[2019-01-16 19:53:14,436][Thread-7:17020][task_id:home.home][home.py:130][INFO][country: ng]
[2019-01-16 19:53:14,440][Thread-7:17020][task_id:home.home][home.py:132][INFO][eventid: sr:match:14513796]
[2019-01-16 19:53:14,440][Thread-7:17020][task_id:home.home][home.py:134][INFO][sportid: sr:sport:1]
[2019-01-16 19:53:14,441][Thread-7:17020][task_id:home.home][home.py:136][INFO][marketid: 1]
[2019-01-16 19:53:14,441][Thread-7:17020][task_id:home.home][home.py:138][INFO][outcomeid: 0]
[2019-01-16 19:53:14,442][Thread-7:17020][task_id:home.home][home.py:140][INFO][productid: 3]
[2019-01-16 19:53:14,442][Thread-7:17020][task_id:home.home][home.py:144][INFO][coun_ip: 172.31.64.155]
[2019-01-16 19:53:14,442][Thread-7:17020][task_id:home.home][home.py:160][INFO][body: {'action': 'bet_settlement', 'sendTime': 1547639594443, 'traceId': '2017023219203321234561', 'source': 'FACTS', 'data': [{'id': 'sr:match:14513796/uof:3/sr:sport:1/1', 'outcomes': [{'id': 1, 'desc': 'oucomeDesc1', 'result': 0}]}]}]
[2019-01-16 19:53:14,443][Thread-7:17020][task_id:home.home][home.py:162][INFO][url: http://172.31.64.155:8131/realSportsGame/settle]
[2019-01-16 19:53:14,740][Thread-7:17020][task_id:home.home][home.py:165][INFO][response: {"bizCode":10000,"message":"success","data":{}}]
[2019-01-16 19:53:14,740][Thread-7:17020][task_id:home.home][home.py:168][INFO][errors: ]
[2019-01-16 19:53:56,232][Thread-8:2112][task_id:home.home][home.py:115][INFO][----------Home settlement----------]
[2019-01-16 19:53:56,232][Thread-8:2112][task_id:home.home][home.py:130][INFO][country: ng]
[2019-01-16 19:53:56,234][Thread-8:2112][task_id:home.home][home.py:132][INFO][eventid: sr:match:14513796]
[2019-01-16 19:53:56,235][Thread-8:2112][task_id:home.home][home.py:134][INFO][sportid: sr:sport:1]
[2019-01-16 19:53:56,235][Thread-8:2112][task_id:home.home][home.py:136][INFO][marketid: 1]
[2019-01-16 19:53:56,236][Thread-8:2112][task_id:home.home][home.py:138][INFO][outcomeid: 0]
[2019-01-16 19:53:56,237][Thread-8:2112][task_id:home.home][home.py:140][INFO][productid: 3]
[2019-01-16 19:53:56,237][Thread-8:2112][task_id:home.home][home.py:144][INFO][coun_ip: 172.31.64.155]
[2019-01-16 19:53:56,238][Thread-8:2112][task_id:home.home][home.py:160][INFO][body: {'action': 'bet_settlement', 'sendTime': 1547639636238, 'traceId': '2017023219203321234561', 'source': 'FACTS', 'data': [{'id': 'sr:match:14513796/uof:3/sr:sport:1/1', 'outcomes': [{'id': 1, 'desc': 'oucomeDesc1', 'result': 0}]}]}]
[2019-01-16 19:53:56,238][Thread-8:2112][task_id:home.home][home.py:162][INFO][url: http://172.31.64.155:8131/realSportsGame/settle]
[2019-01-16 19:53:57,134][Thread-8:2112][task_id:home.home][home.py:165][INFO][response: {"bizCode":10000,"message":"success","data":{}}]
[2019-01-16 19:53:57,136][Thread-8:2112][task_id:home.home][home.py:168][INFO][errors: ]
[2019-01-16 19:54:02,643][Thread-9:16836][task_id:home.home][home.py:115][INFO][----------Home settlement----------]
[2019-01-16 19:54:02,644][Thread-9:16836][task_id:home.home][home.py:130][INFO][country: ng]
[2019-01-16 19:54:02,646][Thread-9:16836][task_id:home.home][home.py:132][INFO][eventid: sr:match:14513796]
[2019-01-16 19:54:02,646][Thread-9:16836][task_id:home.home][home.py:134][INFO][sportid: sr:sport:1]
[2019-01-16 19:54:02,647][Thread-9:16836][task_id:home.home][home.py:136][INFO][marketid: 1]
[2019-01-16 19:54:02,648][Thread-9:16836][task_id:home.home][home.py:138][INFO][outcomeid: 0]
[2019-01-16 19:54:02,648][Thread-9:16836][task_id:home.home][home.py:140][INFO][productid: 3]
[2019-01-16 19:54:02,649][Thread-9:16836][task_id:home.home][home.py:144][INFO][coun_ip: 172.31.64.155]
[2019-01-16 19:54:02,649][Thread-9:16836][task_id:home.home][home.py:160][INFO][body: {'action': 'bet_settlement', 'sendTime': 1547639642650, 'traceId': '2017023219203321234561', 'source': 'FACTS', 'data': [{'id': 'sr:match:14513796/uof:3/sr:sport:1/1', 'outcomes': [{'id': 1, 'desc': 'oucomeDesc1', 'result': 0}]}]}]
[2019-01-16 19:54:02,650][Thread-9:16836][task_id:home.home][home.py:162][INFO][url: http://172.31.64.155:8131/realSportsGame/settle]
[2019-01-16 19:54:02,960][Thread-9:16836][task_id:home.home][home.py:165][INFO][response: {"bizCode":10000,"message":"success","data":{}}]
[2019-01-16 19:54:02,961][Thread-9:16836][task_id:home.home][home.py:168][INFO][errors: ]
[2019-01-16 19:54:16,326][Thread-10:15044][task_id:home.home][home.py:115][INFO][----------Home settlement----------]
[2019-01-16 19:54:16,327][Thread-10:15044][task_id:home.home][home.py:130][INFO][country: ng]
[2019-01-16 19:54:16,328][Thread-10:15044][task_id:home.home][home.py:132][INFO][eventid: sr:match:14513796]
[2019-01-16 19:54:16,329][Thread-10:15044][task_id:home.home][home.py:134][INFO][sportid: sr:sport:1]
[2019-01-16 19:54:16,329][Thread-10:15044][task_id:home.home][home.py:136][INFO][marketid: 1]
[2019-01-16 19:54:16,331][Thread-10:15044][task_id:home.home][home.py:138][INFO][outcomeid: 0]
[2019-01-16 19:54:16,331][Thread-10:15044][task_id:home.home][home.py:140][INFO][productid: 3]
[2019-01-16 19:54:16,332][Thread-10:15044][task_id:home.home][home.py:144][INFO][coun_ip: 172.31.64.155]
[2019-01-16 19:54:16,333][Thread-10:15044][task_id:home.home][home.py:160][INFO][body: {'action': 'bet_settlement', 'sendTime': 1547639656333, 'traceId': '2017023219203321234561', 'source': 'FACTS', 'data': [{'id': 'sr:match:14513796/uof:3/sr:sport:1/1', 'outcomes': [{'id': 1, 'desc': 'oucomeDesc1', 'result': 0}]}]}]
[2019-01-16 19:54:16,334][Thread-10:15044][task_id:home.home][home.py:162][INFO][url: http://172.31.64.155:8131/realSportsGame/settle]
[2019-01-16 19:54:16,634][Thread-10:15044][task_id:home.home][home.py:165][INFO][response: {"bizCode":10000,"message":"success","data":{}}]
[2019-01-16 19:54:16,636][Thread-10:15044][task_id:home.home][home.py:168][INFO][errors: ]
[2019-01-16 19:54:25,022][Thread-11:8860][task_id:home.home][home.py:168][INFO][errors: ]
[2019-01-16 19:55:17,922][Thread-12:15328][task_id:home.home][home.py:168][INFO][errors: ]
[2019-01-16 19:55:37,524][Thread-13:17192][task_id:home.home][home.py:168][INFO][errors: ]
[2019-01-16 19:55:56,583][Thread-14:17348][task_id:market_ctrl.views][views.py:89][INFO][errors: ]
[2019-01-17 11:47:20,869][Thread-15:14356][task_id:home.home][home.py:168][INFO][errors: ]
[2019-01-17 11:49:34,208][Thread-16:16108][task_id:home.home][home.py:168][INFO][errors: ]
[2019-01-17 11:49:36,908][Thread-17:16748][task_id:home.home][home.py:168][INFO][errors: ]
[2019-01-17 11:49:52,876][Thread-18:10908][task_id:home.home][home.py:168][INFO][errors: ]
[2019-01-17 14:08:00,266][Thread-1:16312][task_id:home.home][home.py:168][INFO][errors: ]
[2019-01-17 14:09:35,111][Thread-1:14476][task_id:home.home][home.py:172][INFO][errors: ]
[2019-01-17 14:09:53,471][Thread-3:16184][task_id:home.home][home.py:172][INFO][errors: ]
[2019-01-17 14:10:01,786][Thread-4:15620][task_id:home.home][home.py:115][INFO][----------Home settlement----------]
[2019-01-17 14:10:01,787][Thread-4:15620][task_id:home.home][home.py:132][INFO][country: ke]
[2019-01-17 14:10:01,788][Thread-4:15620][task_id:home.home][home.py:134][INFO][eventid: sr:match:14513796]
[2019-01-17 14:10:01,789][Thread-4:15620][task_id:home.home][home.py:136][INFO][sportid: sr:sport:1]
[2019-01-17 14:10:01,789][Thread-4:15620][task_id:home.home][home.py:138][INFO][marketid: 1]
[2019-01-17 14:10:01,790][Thread-4:15620][task_id:home.home][home.py:140][INFO][outcomeid: 1]
[2019-01-17 14:10:01,791][Thread-4:15620][task_id:home.home][home.py:142][INFO][result: 0]
[2019-01-17 14:10:01,791][Thread-4:15620][task_id:home.home][home.py:144][INFO][productid: 3]
[2019-01-17 14:10:01,792][Thread-4:15620][task_id:home.home][home.py:148][INFO][coun_ip: 172.31.64.109]
[2019-01-17 14:10:01,792][Thread-4:15620][task_id:home.home][home.py:164][INFO][body: {'action': 'bet_settlement', 'sendTime': 1547705401793, 'traceId': '2017023219203321234561', 'source': 'FACTS', 'data': [{'id': 'sr:match:14513796/uof:3/sr:sport:1/1', 'outcomes': [{'id': 1, 'desc': 'oucomeDesc1', 'result': 0}]}]}]
[2019-01-17 14:10:01,793][Thread-4:15620][task_id:home.home][home.py:166][INFO][url: http://172.31.64.109:8131/realSportsGame/settle]
[2019-01-17 14:10:03,619][Thread-4:15620][task_id:home.home][home.py:169][INFO][response: [Fiddler] The connection to '172.31.64.109' failed. <br />Error: ConnectionRefused (0x274d). <br />System.Net.Sockets.SocketException 由于目标计算机积极拒绝，无法连接。 172.31.64.109:8131                                                                                                                                                                                                                                                                                                                                                      ]
[2019-01-17 14:10:03,621][Thread-4:15620][task_id:home.home][home.py:172][INFO][errors: ]
[2019-01-17 14:10:11,363][Thread-5:6500][task_id:home.home][home.py:115][INFO][----------Home settlement----------]
[2019-01-17 14:10:11,364][Thread-5:6500][task_id:home.home][home.py:132][INFO][country: ng]
[2019-01-17 14:10:11,365][Thread-5:6500][task_id:home.home][home.py:134][INFO][eventid: sr:match:14513796]
[2019-01-17 14:10:11,365][Thread-5:6500][task_id:home.home][home.py:136][INFO][sportid: sr:sport:1]
[2019-01-17 14:10:11,366][Thread-5:6500][task_id:home.home][home.py:138][INFO][marketid: 1]
[2019-01-17 14:10:11,367][Thread-5:6500][task_id:home.home][home.py:140][INFO][outcomeid: 1]
[2019-01-17 14:10:11,367][Thread-5:6500][task_id:home.home][home.py:142][INFO][result: 0]
[2019-01-17 14:10:11,368][Thread-5:6500][task_id:home.home][home.py:144][INFO][productid: 3]
[2019-01-17 14:10:11,369][Thread-5:6500][task_id:home.home][home.py:148][INFO][coun_ip: 172.31.64.155]
[2019-01-17 14:10:11,370][Thread-5:6500][task_id:home.home][home.py:164][INFO][body: {'action': 'bet_settlement', 'sendTime': 1547705411370, 'traceId': '2017023219203321234561', 'source': 'FACTS', 'data': [{'id': 'sr:match:14513796/uof:3/sr:sport:1/1', 'outcomes': [{'id': 1, 'desc': 'oucomeDesc1', 'result': 0}]}]}]
[2019-01-17 14:10:11,371][Thread-5:6500][task_id:home.home][home.py:166][INFO][url: http://172.31.64.155:8131/realSportsGame/settle]
[2019-01-17 14:10:11,940][Thread-5:6500][task_id:home.home][home.py:169][INFO][response: {"bizCode":10000,"message":"success","data":{}}]
[2019-01-17 14:10:11,941][Thread-5:6500][task_id:home.home][home.py:172][INFO][errors: ]
[2019-01-17 14:11:59,749][Thread-6:6500][task_id:home.home][home.py:115][INFO][----------Home settlement----------]
[2019-01-17 14:11:59,750][Thread-6:6500][task_id:home.home][home.py:132][INFO][country: ng]
[2019-01-17 14:11:59,750][Thread-6:6500][task_id:home.home][home.py:134][INFO][eventid: sr:match:14513796]
[2019-01-17 14:11:59,751][Thread-6:6500][task_id:home.home][home.py:136][INFO][sportid: sr:sport:1]
[2019-01-17 14:11:59,751][Thread-6:6500][task_id:home.home][home.py:138][INFO][marketid: 1]
[2019-01-17 14:11:59,752][Thread-6:6500][task_id:home.home][home.py:140][INFO][outcomeid: 1]
[2019-01-17 14:11:59,752][Thread-6:6500][task_id:home.home][home.py:142][INFO][result: 0]
[2019-01-17 14:11:59,753][Thread-6:6500][task_id:home.home][home.py:144][INFO][productid: 3]
[2019-01-17 14:11:59,753][Thread-6:6500][task_id:home.home][home.py:148][INFO][coun_ip: 172.31.64.155]
[2019-01-17 14:11:59,754][Thread-6:6500][task_id:home.home][home.py:164][INFO][body: {'action': 'bet_settlement', 'sendTime': 1547705519754, 'traceId': '2017023219203321234561', 'source': 'FACTS', 'data': [{'id': 'sr:match:14513796/uof:3/sr:sport:1/1', 'outcomes': [{'id': 1, 'desc': 'oucomeDesc1', 'result': 0}]}]}]
[2019-01-17 14:11:59,755][Thread-6:6500][task_id:home.home][home.py:166][INFO][url: http://172.31.64.155:8131/realSportsGame/settle]
[2019-01-17 14:12:00,332][Thread-6:6500][task_id:home.home][home.py:169][INFO][response: {"bizCode":10000,"message":"success","data":{}}]
[2019-01-17 14:12:00,333][Thread-6:6500][task_id:home.home][home.py:172][INFO][errors: ]
[2019-01-17 14:12:07,227][Thread-7:16376][task_id:home.home][home.py:115][INFO][----------Home settlement----------]
[2019-01-17 14:12:07,228][Thread-7:16376][task_id:home.home][home.py:172][INFO][errors: Enter an Event id.;Enter a Market Id.;Enter a Outcome Id;Enter a Result]
[2019-01-17 15:15:58,984][Thread-8:15116][task_id:home.home][home.py:172][INFO][errors: ]
[2019-01-17 15:16:00,651][Thread-9:16484][task_id:market_ctrl.views][views.py:89][INFO][errors: ]
[2019-01-17 16:16:04,386][Thread-10:11400][task_id:home.home][home.py:172][INFO][errors: ]
[2019-01-17 16:16:06,196][Thread-11:9972][task_id:market_ctrl.views][views.py:89][INFO][errors: ]
[2019-01-17 16:16:07,618][Thread-12:12044][task_id:bingo.bingo][bingo.py:87][INFO][errors: ]
[2019-01-17 16:16:11,057][Thread-13:1336][task_id:bingo.bingo][bingo.py:87][INFO][errors: ]
[2019-01-17 16:16:11,907][Thread-14:3064][task_id:market_ctrl.views][views.py:89][INFO][errors: ]
[2019-01-17 16:16:12,676][Thread-15:15072][task_id:home.home][home.py:172][INFO][errors: ]
[2019-01-17 16:16:29,673][Thread-16:12956][task_id:home.home][home.py:172][INFO][errors: ]
[2019-01-17 16:16:31,267][Thread-17:12560][task_id:home.home][home.py:172][INFO][errors: ]
[2019-01-17 16:16:32,018][Thread-18:14948][task_id:market_ctrl.views][views.py:89][INFO][errors: ]
[2019-01-17 16:16:32,857][Thread-19:12448][task_id:bingo.bingo][bingo.py:87][INFO][errors: ]
[2019-01-17 16:16:33,758][Thread-20:12452][task_id:home.home][home.py:172][INFO][errors: ]
[2019-01-17 16:16:41,048][Thread-21:14928][task_id:home.home][home.py:172][INFO][errors: ]
[2019-01-17 16:16:43,045][Thread-22:15076][task_id:home.home][home.py:172][INFO][errors: ]
[2019-01-17 16:16:44,038][Thread-23:6408][task_id:market_ctrl.views][views.py:89][INFO][errors: ]
[2019-01-17 16:16:44,698][Thread-24:1256][task_id:bingo.bingo][bingo.py:87][INFO][errors: ]
[2019-01-17 16:16:45,789][Thread-25:6568][task_id:home.home][home.py:172][INFO][errors: ]
[2019-01-17 16:16:46,080][Thread-26:4744][task_id:home.home][home.py:172][INFO][errors: ]
[2019-01-17 16:17:17,817][Thread-27:12088][task_id:home.home][home.py:172][INFO][errors: ]
[2019-01-17 16:17:18,831][Thread-28:3720][task_id:home.home][home.py:172][INFO][errors: ]
[2019-01-17 16:17:24,088][Thread-29:15008][task_id:home.home][home.py:172][INFO][errors: ]
[2019-01-17 17:11:00,299][Thread-31:1520][task_id:home.home][home.py:172][INFO][errors: ]
[2019-01-18 11:14:16,290][Thread-40:16112][task_id:home.home][home.py:115][INFO][----------Home settlement----------]
[2019-01-18 11:14:16,291][Thread-40:16112][task_id:home.home][home.py:132][INFO][country: ng]
[2019-01-18 11:14:16,291][Thread-40:16112][task_id:home.home][home.py:134][INFO][eventid: sr:match:16598801]
[2019-01-18 11:14:16,291][Thread-40:16112][task_id:home.home][home.py:136][INFO][sportid: sr:sport:1]
[2019-01-18 11:14:16,292][Thread-40:16112][task_id:home.home][home.py:138][INFO][marketid: 1]
[2019-01-18 11:14:16,292][Thread-40:16112][task_id:home.home][home.py:140][INFO][outcomeid: 3]
[2019-01-18 11:14:16,293][Thread-40:16112][task_id:home.home][home.py:142][INFO][result: 0]
[2019-01-18 11:14:16,294][Thread-40:16112][task_id:home.home][home.py:144][INFO][productid: 3]
[2019-01-18 11:14:16,294][Thread-40:16112][task_id:home.home][home.py:148][INFO][coun_ip: 172.31.64.155]
[2019-01-18 11:14:16,295][Thread-40:16112][task_id:home.home][home.py:164][INFO][body: {'action': 'bet_settlement', 'sendTime': 1547781256295, 'traceId': '2017023219203321234561', 'source': 'FACTS', 'data': [{'id': 'sr:match:16598801/uof:3/sr:sport:1/1', 'outcomes': [{'id': 3, 'desc': 'oucomeDesc1', 'result': 0}]}]}]
[2019-01-18 11:14:16,295][Thread-40:16112][task_id:home.home][home.py:166][INFO][url: http://172.31.64.155:8131/realSportsGame/settle]
[2019-01-18 11:14:16,873][Thread-40:16112][task_id:home.home][home.py:169][INFO][response: {"bizCode":10000,"message":"success","data":{}}]
[2019-01-18 11:14:16,873][Thread-40:16112][task_id:home.home][home.py:172][INFO][errors: ]
[2019-01-18 11:15:44,288][Thread-49:16456][task_id:home.home][home.py:115][INFO][----------Home settlement----------]
[2019-01-18 11:15:44,289][Thread-49:16456][task_id:home.home][home.py:132][INFO][country: ke]
[2019-01-18 11:15:44,290][Thread-49:16456][task_id:home.home][home.py:134][INFO][eventid: sr:match:16598801]
[2019-01-18 11:15:44,292][Thread-49:16456][task_id:home.home][home.py:136][INFO][sportid: sr:sport:1]
[2019-01-18 11:15:44,294][Thread-49:16456][task_id:home.home][home.py:138][INFO][marketid: 1]
[2019-01-18 11:15:44,295][Thread-49:16456][task_id:home.home][home.py:140][INFO][outcomeid: 3]
[2019-01-18 11:15:44,295][Thread-49:16456][task_id:home.home][home.py:142][INFO][result: 0]
[2019-01-18 11:15:44,296][Thread-49:16456][task_id:home.home][home.py:144][INFO][productid: 1]
[2019-01-18 11:15:44,296][Thread-49:16456][task_id:home.home][home.py:148][INFO][coun_ip: 172.31.64.109]
[2019-01-18 11:15:44,298][Thread-49:16456][task_id:home.home][home.py:164][INFO][body: {'action': 'bet_settlement', 'sendTime': 1547781344297, 'traceId': '2017023219203321234561', 'source': 'FACTS', 'data': [{'id': 'sr:match:16598801/uof:1/sr:sport:1/1', 'outcomes': [{'id': 3, 'desc': 'oucomeDesc1', 'result': 0}]}]}]
[2019-01-18 11:15:44,299][Thread-49:16456][task_id:home.home][home.py:166][INFO][url: http://172.31.64.109:8131/realSportsGame/settle]
[2019-01-18 11:15:46,125][Thread-49:16456][task_id:home.home][home.py:169][INFO][response: [Fiddler] The connection to '172.31.64.109' failed. <br />Error: ConnectionRefused (0x274d). <br />System.Net.Sockets.SocketException 由于目标计算机积极拒绝，无法连接。 172.31.64.109:8131                                                                                                                                                                                                                                                                                                                                                      ]
[2019-01-18 11:15:46,127][Thread-49:16456][task_id:home.home][home.py:172][INFO][errors: ]
[2019-01-18 11:16:56,375][Thread-58:16972][task_id:home.home][home.py:115][INFO][----------Home settlement----------]
[2019-01-18 11:16:56,378][Thread-58:16972][task_id:home.home][home.py:132][INFO][country: ng]
[2019-01-18 11:16:56,379][Thread-58:16972][task_id:home.home][home.py:134][INFO][eventid: sr:match:16598801]
[2019-01-18 11:16:56,379][Thread-58:16972][task_id:home.home][home.py:136][INFO][sportid: sr:sport:1]
[2019-01-18 11:16:56,381][Thread-58:16972][task_id:home.home][home.py:138][INFO][marketid: 1]
[2019-01-18 11:16:56,382][Thread-58:16972][task_id:home.home][home.py:140][INFO][outcomeid: 3]
[2019-01-18 11:16:56,383][Thread-58:16972][task_id:home.home][home.py:142][INFO][result: 0]
[2019-01-18 11:16:56,384][Thread-58:16972][task_id:home.home][home.py:144][INFO][productid: 1]
[2019-01-18 11:16:56,384][Thread-58:16972][task_id:home.home][home.py:148][INFO][coun_ip: 172.31.64.155]
[2019-01-18 11:16:56,385][Thread-58:16972][task_id:home.home][home.py:164][INFO][body: {'action': 'bet_settlement', 'sendTime': 1547781416385, 'traceId': '2017023219203321234561', 'source': 'FACTS', 'data': [{'id': 'sr:match:16598801/uof:1/sr:sport:1/1', 'outcomes': [{'id': 3, 'desc': 'oucomeDesc1', 'result': 0}]}]}]
[2019-01-18 11:16:56,385][Thread-58:16972][task_id:home.home][home.py:166][INFO][url: http://172.31.64.155:8131/realSportsGame/settle]
[2019-01-18 11:16:56,967][Thread-58:16972][task_id:home.home][home.py:169][INFO][response: {"bizCode":10000,"message":"success","data":{}}]
[2019-01-18 11:16:56,968][Thread-58:16972][task_id:home.home][home.py:172][INFO][errors: ]
[2019-01-18 11:19:59,824][Thread-59:17360][task_id:home.home][home.py:115][INFO][----------Home settlement----------]
[2019-01-18 11:19:59,826][Thread-59:17360][task_id:home.home][home.py:132][INFO][country: ng]
[2019-01-18 11:19:59,827][Thread-59:17360][task_id:home.home][home.py:134][INFO][eventid: sr:match:16598801]
[2019-01-18 11:19:59,827][Thread-59:17360][task_id:home.home][home.py:136][INFO][sportid: sr:sport:1]
[2019-01-18 11:19:59,827][Thread-59:17360][task_id:home.home][home.py:138][INFO][marketid: 1]
[2019-01-18 11:19:59,827][Thread-59:17360][task_id:home.home][home.py:140][INFO][outcomeid: 3]
[2019-01-18 11:19:59,828][Thread-59:17360][task_id:home.home][home.py:142][INFO][result: 0]
[2019-01-18 11:19:59,828][Thread-59:17360][task_id:home.home][home.py:144][INFO][productid: 1]
[2019-01-18 11:19:59,829][Thread-59:17360][task_id:home.home][home.py:148][INFO][coun_ip: 172.31.64.155]
[2019-01-18 11:19:59,829][Thread-59:17360][task_id:home.home][home.py:164][INFO][body: {'action': 'bet_settlement', 'sendTime': 1547781599830, 'traceId': '2017023219203321234561', 'source': 'FACTS', 'data': [{'id': 'sr:match:16598801/uof:1/sr:sport:1/1', 'outcomes': [{'id': 3, 'desc': 'oucomeDesc1', 'result': 0}]}]}]
[2019-01-18 11:19:59,830][Thread-59:17360][task_id:home.home][home.py:166][INFO][url: http://172.31.64.155:8131/realSportsGame/settle]
[2019-01-18 11:20:00,500][Thread-59:17360][task_id:home.home][home.py:169][INFO][response: {"bizCode":10000,"message":"success","data":{}}]
[2019-01-18 11:20:00,500][Thread-59:17360][task_id:home.home][home.py:172][INFO][errors: ]
[2019-01-18 14:52:29,690][Thread-60:8568][task_id:home.home][home.py:70][INFO][----------Home rollback----------]
[2019-01-18 14:52:29,698][Thread-60:8568][task_id:home.home][home.py:83][INFO][country: ng]
[2019-01-18 14:52:29,700][Thread-60:8568][task_id:home.home][home.py:85][INFO][eventid: sr:match:16598801]
[2019-01-18 14:52:29,702][Thread-60:8568][task_id:home.home][home.py:87][INFO][sportid: sr:sport:1]
[2019-01-18 14:52:29,705][Thread-60:8568][task_id:home.home][home.py:89][INFO][marketid: 1]
[2019-01-18 14:52:29,707][Thread-60:8568][task_id:home.home][home.py:92][INFO][productid: 3]
[2019-01-18 14:52:29,709][Thread-60:8568][task_id:home.home][home.py:96][INFO][coun_ip: 172.31.64.155]
[2019-01-18 14:52:29,710][Thread-60:8568][task_id:home.home][home.py:108][INFO][body: {'action': 'bet_settlement_rollback', 'sendTime': 1547794349710, 'traceId': '2017023219203321234561', 'source': 'FACTS', 'data': [{'id': 'sr:match:16598801/uof:3/sr:sport:1/1', 'msgId': '123'}]}]
[2019-01-18 14:52:29,713][Thread-60:8568][task_id:home.home][home.py:110][INFO][url: http://172.31.64.155:8131/realSportsGame/settle]
[2019-01-18 14:52:30,289][Thread-60:8568][task_id:home.home][home.py:113][INFO][response: {"bizCode":10000,"message":"success","data":{}}]
[2019-01-18 14:52:30,289][Thread-60:8568][task_id:home.home][home.py:172][INFO][errors: ]
[2019-01-18 14:53:25,936][Thread-61:18216][task_id:home.home][home.py:70][INFO][----------Home rollback----------]
[2019-01-18 14:53:25,936][Thread-61:18216][task_id:home.home][home.py:83][INFO][country: ng]
[2019-01-18 14:53:25,938][Thread-61:18216][task_id:home.home][home.py:85][INFO][eventid: sr:match:16598801]
[2019-01-18 14:53:25,939][Thread-61:18216][task_id:home.home][home.py:87][INFO][sportid: sr:sport:1]
[2019-01-18 14:53:25,939][Thread-61:18216][task_id:home.home][home.py:89][INFO][marketid: 1]
[2019-01-18 14:53:25,940][Thread-61:18216][task_id:home.home][home.py:92][INFO][productid: 3]
[2019-01-18 14:53:25,942][Thread-61:18216][task_id:home.home][home.py:96][INFO][coun_ip: 172.31.64.155]
[2019-01-18 14:53:25,943][Thread-61:18216][task_id:home.home][home.py:108][INFO][body: {'action': 'bet_settlement_rollback', 'sendTime': 1547794405943, 'traceId': '2017023219203321234561', 'source': 'FACTS', 'data': [{'id': 'sr:match:16598801/uof:3/sr:sport:1/1', 'msgId': '123'}]}]
[2019-01-18 14:53:25,944][Thread-61:18216][task_id:home.home][home.py:110][INFO][url: http://172.31.64.155:8131/realSportsGame/settle]
[2019-01-18 14:53:26,250][Thread-61:18216][task_id:home.home][home.py:113][INFO][response: {"bizCode":10000,"message":"success","data":{}}]
[2019-01-18 14:53:26,251][Thread-61:18216][task_id:home.home][home.py:172][INFO][errors: ]
[2019-01-18 14:57:28,475][Thread-62:3996][task_id:home.home][home.py:70][INFO][----------Home rollback----------]
[2019-01-18 14:57:28,476][Thread-62:3996][task_id:home.home][home.py:83][INFO][country: ng]
[2019-01-18 14:57:28,476][Thread-62:3996][task_id:home.home][home.py:85][INFO][eventid: sr:match:16598801]
[2019-01-18 14:57:28,477][Thread-62:3996][task_id:home.home][home.py:87][INFO][sportid: sr:sport:1]
[2019-01-18 14:57:28,478][Thread-62:3996][task_id:home.home][home.py:89][INFO][marketid: 1]
[2019-01-18 14:57:28,479][Thread-62:3996][task_id:home.home][home.py:92][INFO][productid: 3]
[2019-01-18 14:57:28,480][Thread-62:3996][task_id:home.home][home.py:96][INFO][coun_ip: 172.31.64.155]
[2019-01-18 14:57:28,480][Thread-62:3996][task_id:home.home][home.py:108][INFO][body: {'action': 'bet_settlement_rollback', 'sendTime': 1547794648481, 'traceId': '2017023219203321234561', 'source': 'FACTS', 'data': [{'id': 'sr:match:16598801/uof:3/sr:sport:1/1', 'msgId': '123'}]}]
[2019-01-18 14:57:28,481][Thread-62:3996][task_id:home.home][home.py:110][INFO][url: http://172.31.64.155:8131/realSportsGame/settle]
[2019-01-18 14:57:29,159][Thread-62:3996][task_id:home.home][home.py:113][INFO][response: {"bizCode":10000,"message":"success","data":{}}]
[2019-01-18 14:57:29,160][Thread-62:3996][task_id:home.home][home.py:172][INFO][errors: ]
[2019-01-18 15:01:25,945][Thread-63:17332][task_id:home.home][home.py:115][INFO][----------Home settlement----------]
[2019-01-18 15:01:25,945][Thread-63:17332][task_id:home.home][home.py:132][INFO][country: ng]
[2019-01-18 15:01:25,946][Thread-63:17332][task_id:home.home][home.py:134][INFO][eventid: sr:match:14736685]
[2019-01-18 15:01:25,946][Thread-63:17332][task_id:home.home][home.py:136][INFO][sportid: sr:sport:1]
[2019-01-18 15:01:25,947][Thread-63:17332][task_id:home.home][home.py:138][INFO][marketid: 1]
[2019-01-18 15:01:25,947][Thread-63:17332][task_id:home.home][home.py:140][INFO][outcomeid: 1]
[2019-01-18 15:01:25,948][Thread-63:17332][task_id:home.home][home.py:142][INFO][result: 1]
[2019-01-18 15:01:25,948][Thread-63:17332][task_id:home.home][home.py:144][INFO][productid: 3]
[2019-01-18 15:01:25,949][Thread-63:17332][task_id:home.home][home.py:148][INFO][coun_ip: 172.31.64.155]
[2019-01-18 15:01:25,952][Thread-63:17332][task_id:home.home][home.py:164][INFO][body: {'action': 'bet_settlement', 'sendTime': 1547794885950, 'traceId': '2017023219203321234561', 'source': 'FACTS', 'data': [{'id': 'sr:match:14736685/uof:3/sr:sport:1/1', 'outcomes': [{'id': 1, 'desc': 'oucomeDesc1', 'result': 1}]}]}]
[2019-01-18 15:01:25,953][Thread-63:17332][task_id:home.home][home.py:166][INFO][url: http://172.31.64.155:8131/realSportsGame/settle]
[2019-01-18 15:01:26,539][Thread-63:17332][task_id:home.home][home.py:169][INFO][response: {"bizCode":10000,"message":"success","data":{}}]
[2019-01-18 15:01:26,540][Thread-63:17332][task_id:home.home][home.py:172][INFO][errors: ]
[2019-01-18 15:03:23,940][Thread-64:7140][task_id:home.home][home.py:115][INFO][----------Home settlement----------]
[2019-01-18 15:03:23,941][Thread-64:7140][task_id:home.home][home.py:132][INFO][country: ng]
[2019-01-18 15:03:23,942][Thread-64:7140][task_id:home.home][home.py:134][INFO][eventid: sr:match:15109355]
[2019-01-18 15:03:23,943][Thread-64:7140][task_id:home.home][home.py:136][INFO][sportid: sr:sport:1]
[2019-01-18 15:03:23,944][Thread-64:7140][task_id:home.home][home.py:138][INFO][marketid: 1]
[2019-01-18 15:03:23,945][Thread-64:7140][task_id:home.home][home.py:140][INFO][outcomeid: 3]
[2019-01-18 15:03:23,947][Thread-64:7140][task_id:home.home][home.py:142][INFO][result: 0]
[2019-01-18 15:03:23,948][Thread-64:7140][task_id:home.home][home.py:144][INFO][productid: 3]
[2019-01-18 15:03:23,949][Thread-64:7140][task_id:home.home][home.py:148][INFO][coun_ip: 172.31.64.155]
[2019-01-18 15:03:23,950][Thread-64:7140][task_id:home.home][home.py:164][INFO][body: {'action': 'bet_settlement', 'sendTime': 1547795003950, 'traceId': '2017023219203321234561', 'source': 'FACTS', 'data': [{'id': 'sr:match:15109355/uof:3/sr:sport:1/1', 'outcomes': [{'id': 3, 'desc': 'oucomeDesc1', 'result': 0}]}]}]
[2019-01-18 15:03:23,950][Thread-64:7140][task_id:home.home][home.py:166][INFO][url: http://172.31.64.155:8131/realSportsGame/settle]
[2019-01-18 15:03:24,539][Thread-64:7140][task_id:home.home][home.py:169][INFO][response: {"bizCode":10000,"message":"success","data":{}}]
[2019-01-18 15:03:24,540][Thread-64:7140][task_id:home.home][home.py:172][INFO][errors: ]
[2019-01-18 15:30:51,293][Thread-65:17240][task_id:home.home][home.py:115][INFO][----------Home settlement----------]
[2019-01-18 15:30:51,295][Thread-65:17240][task_id:home.home][home.py:132][INFO][country: ng]
[2019-01-18 15:30:51,299][Thread-65:17240][task_id:home.home][home.py:134][INFO][eventid: sr:match:14736685]
[2019-01-18 15:30:51,300][Thread-65:17240][task_id:home.home][home.py:136][INFO][sportid: sr:sport:1]
[2019-01-18 15:30:51,302][Thread-65:17240][task_id:home.home][home.py:138][INFO][marketid: 1]
[2019-01-18 15:30:51,306][Thread-65:17240][task_id:home.home][home.py:140][INFO][outcomeid: 1]
[2019-01-18 15:30:51,308][Thread-65:17240][task_id:home.home][home.py:142][INFO][result: 1]
[2019-01-18 15:30:51,309][Thread-65:17240][task_id:home.home][home.py:144][INFO][productid: 3]
[2019-01-18 15:30:51,310][Thread-65:17240][task_id:home.home][home.py:148][INFO][coun_ip: 172.31.64.155]
[2019-01-18 15:30:51,311][Thread-65:17240][task_id:home.home][home.py:164][INFO][body: {'action': 'bet_settlement', 'sendTime': 1547796651311, 'traceId': '2017023219203321234561', 'source': 'FACTS', 'data': [{'id': 'sr:match:14736685/uof:3/sr:sport:1/1', 'outcomes': [{'id': 1, 'desc': 'oucomeDesc1', 'result': 1}]}]}]
[2019-01-18 15:30:51,312][Thread-65:17240][task_id:home.home][home.py:166][INFO][url: http://172.31.64.155:8131/realSportsGame/settle]
[2019-01-18 15:30:51,921][Thread-65:17240][task_id:home.home][home.py:169][INFO][response: {"bizCode":10000,"message":"success","data":{}}]
[2019-01-18 15:30:51,923][Thread-65:17240][task_id:home.home][home.py:172][INFO][errors: ]
[2019-01-18 15:48:39,196][Thread-66:17628][task_id:home.home][home.py:172][INFO][errors: ]
[2019-01-18 15:48:39,655][Thread-67:6092][task_id:market_ctrl.views][views.py:89][INFO][errors: ]
[2019-01-18 15:48:40,515][Thread-68:5872][task_id:bingo.bingo][bingo.py:87][INFO][errors: ]
[2019-01-18 15:48:44,535][Thread-69:16200][task_id:home.home][home.py:172][INFO][errors: ]
[2019-01-21 11:28:02,545][Thread-1:11156][task_id:home.home][home.py:172][INFO][errors: ]
[2019-01-21 11:28:06,325][Thread-3:11136][task_id:bingo.bingo][bingo.py:87][INFO][errors: ]
[2019-01-21 16:01:17,941][Thread-5:2324][task_id:home.home][home.py:172][INFO][errors: ]
[2019-01-21 16:01:19,180][Thread-6:12144][task_id:market_ctrl.views][views.py:89][INFO][errors: ]
[2019-01-21 16:01:20,166][Thread-7:11332][task_id:bingo.bingo][bingo.py:87][INFO][errors: ]
[2019-01-21 16:01:23,348][Thread-8:7764][task_id:bingo.bingo][bingo.py:87][INFO][errors: ]
[2019-01-25 14:35:15,843][Thread-1:16400][task_id:home.home][home.py:172][INFO][errors: ]
[2019-01-25 14:35:17,545][Thread-10:17240][task_id:market_ctrl.views][views.py:89][INFO][errors: ]
[2019-01-25 14:35:18,338][Thread-11:17668][task_id:bingo.bingo][bingo.py:88][INFO][errors: ]
[2019-04-19 17:08:06,355][MainThread:19692][task_id:django.utils.autoreload][autoreload.py:578][INFO][Watching for file changes with StatReloader]
